<?xml version="1.0" encoding="UTF-8"?>
<robot generator="Robot 3.2.2 (Python 3.9.0 on win32)" generated="20210125 09:12:43.402" rpa="false">
<suite id="s1" name="Selenium project" source="C:\Users\CTEA\Testing\Robot_WorkspaceTesting\Selenium_project">
<suite id="s1-s1" name="Echoecho" source="C:\Users\CTEA\Testing\Robot_WorkspaceTesting\Selenium_project\echoecho">
<suite id="s1-s1-s1" name="Test Popup" source="C:\Users\CTEA\Testing\Robot_WorkspaceTesting\Selenium_project\echoecho\test_popup.robot">
<test id="s1-s1-s1-t1" name="TS1_popupsTest">
<kw name="Append To Environment Variable" library="OperatingSystem">
<doc>Appends given ``values`` to environment variable ``name``.</doc>
<arguments>
<arg>Path</arg>
<arg>${OUTPUT_DIR}${/}driver</arg>
</arguments>
<msg timestamp="20210125 09:12:43.775" level="INFO">Environment variable 'Path' set to value 'C:/Users/CTEA/.p2/pool/plugins/org.eclipse.justj.openjdk.hotspot.jre.full.win32.x86_64_15.0.1.v20201027-0507/jre/bin/server;C:/Users/CTEA/.p2/pool/plugins/org.eclipse.justj.openjdk.hotspot.jre.full.win32.x86_64_15.0.1.v20201027-0507/jre/bin;C:\Program Files (x86)\Common Files\Oracle\Java\javapath;C:\WINDOWS\system32;C:\WINDOWS;C:\WINDOWS\System32\Wbem;C:\WINDOWS\System32\WindowsPowerShell\v1.0\;C:\Python;C:\Python\Scripts;C:\xampp\mysql\bin;C:\WINDOWS\System32\OpenSSH\;C:\Program Files\mingw-w64\x86_64-8.1.0-posix-seh-rt_v6-rev0\mingw64\bin;C:\Program Files (x86)\Groovy\bin;C:\ProgramData\Microsoft\Windows\Start Menu\Programs\Groovy;C:\Program Files\Java\jdk1.8.0_271\bin;C:\Program Files\Java\jre1.8.0_271\bin;C:\Program Files (x86)\Groovy\bin;C:\Program Files\Git\cmd;C:\Windows\System32\cmd.exe;C:\Users\CTEA\AppData\Local\Android\Sdk;;C:\Users\CTEA\AppData\Local\Programs\Microsoft VS Code\bin;C:\Users\CTEA\AppData\Local\Microsoft\WindowsApps;C:\WINDOWS\system32;;C:\Users\CTEA\Testing\Robot_WorkspaceTesting\Selenium_project\driver'.</msg>
<status status="PASS" starttime="20210125 09:12:43.774" endtime="20210125 09:12:43.775"></status>
</kw>
<kw name="Open Browser" library="SeleniumLibrary">
<doc>Opens a new browser instance to the optional ``url``.</doc>
<arguments>
<arg>url=http://www.echoecho.com/javascript4.htm</arg>
<arg>browser=googlechrome</arg>
</arguments>
<msg timestamp="20210125 09:12:43.776" level="INFO">Opening browser 'googlechrome' to base url 'http://www.echoecho.com/javascript4.htm'.</msg>
<kw name="Capture Page Screenshot" library="SeleniumLibrary">
<doc>Takes a screenshot of the current page and embeds it into a log file.</doc>
<msg timestamp="20210125 09:13:09.560" level="FAIL">WebDriverException: Message: chrome not reachable
  (Session info: chrome=87.0.4280.141)
</msg>
<status status="FAIL" starttime="20210125 09:12:57.400" endtime="20210125 09:13:09.561"></status>
</kw>
<msg timestamp="20210125 09:13:09.561" level="WARN">Keyword 'Capture Page Screenshot' could not be run on failure: WebDriverException: Message: chrome not reachable
  (Session info: chrome=87.0.4280.141)
</msg>
<msg timestamp="20210125 09:13:09.564" level="FAIL">WebDriverException: Message: unknown error: cannot determine loading status
from unknown error: cannot determine loading status
from disconnected: received Inspector.detached event
  (Session info: chrome=87.0.4280.141)
</msg>
<status status="FAIL" starttime="20210125 09:12:43.775" endtime="20210125 09:13:09.564"></status>
</kw>
<status status="FAIL" starttime="20210125 09:12:43.773" endtime="20210125 09:13:09.565" critical="yes">WebDriverException: Message: unknown error: cannot determine loading status
from unknown error: cannot determine loading status
from disconnected: received Inspector.detached event
  (Session info: chrome=87.0.4280.141)
</status>
</test>
<status status="FAIL" starttime="20210125 09:12:43.505" endtime="20210125 09:13:09.566"></status>
</suite>
<status status="FAIL" starttime="20210125 09:12:43.501" endtime="20210125 09:13:09.569"></status>
</suite>
<status status="FAIL" starttime="20210125 09:12:43.460" endtime="20210125 09:13:09.571"></status>
</suite>
<statistics>
<total>
<stat pass="0" fail="1">Critical Tests</stat>
<stat pass="0" fail="1">All Tests</stat>
</total>
<tag>
</tag>
<suite>
<stat pass="0" fail="1" id="s1" name="Selenium project">Selenium project</stat>
<stat pass="0" fail="1" id="s1-s1" name="Echoecho">Selenium project.Echoecho</stat>
<stat pass="0" fail="1" id="s1-s1-s1" name="Test Popup">Selenium project.Echoecho.Test Popup</stat>
</suite>
</statistics>
<errors>
<msg timestamp="20210125 09:13:09.561" level="WARN">Keyword 'Capture Page Screenshot' could not be run on failure: WebDriverException: Message: chrome not reachable
  (Session info: chrome=87.0.4280.141)
</msg>
</errors>
</robot>
